[19:07:56] [main/INFO]: Environment: authHost='https://authserver.mojang.com', accountsHost='https://api.mojang.com', sessionHost='https://sessionserver.mojang.com', servicesHost='https://api.minecraftservices.com', name='PROD'
[19:07:57] [main/WARN]: Ambiguity between arguments [teleport, destination] and [teleport, targets] with inputs: [Player, 0123, @e, dd12be42-52a9-4a91-a8a1-11c01849e498]
[19:07:57] [main/WARN]: Ambiguity between arguments [teleport, location] and [teleport, destination] with inputs: [0.1 -0.5 .9, 0 0 0]
[19:07:57] [main/WARN]: Ambiguity between arguments [teleport, location] and [teleport, targets] with inputs: [0.1 -0.5 .9, 0 0 0]
[19:07:57] [main/WARN]: Ambiguity between arguments [teleport, targets] and [teleport, destination] with inputs: [Player, 0123, dd12be42-52a9-4a91-a8a1-11c01849e498]
[19:07:57] [main/WARN]: Ambiguity between arguments [teleport, targets, location] and [teleport, targets, destination] with inputs: [0.1 -0.5 .9, 0 0 0]
[19:07:57] [main/INFO]: Reloading ResourceManager: Default
[19:07:57] [Worker-Main-12/INFO]: Loaded 7 recipes
[19:07:57] [Worker-Main-12/INFO]: Loaded 927 advancements
[19:07:59] [Server thread/INFO]: Starting minecraft server version 1.16.5
[19:07:59] [Server thread/INFO]: Loading properties
[19:07:59] [Server thread/INFO]: Default game type: SURVIVAL
[19:07:59] [Server thread/INFO]: Generating keypair
[19:07:59] [Server thread/INFO]: Starting Minecraft server on *:25565
[19:07:59] [Server thread/INFO]: Using default channel type
[19:07:59] [Server thread/INFO]: Preparing level "world"
[19:07:59] [Server thread/INFO]: Preparing start region for dimension minecraft:overworld
[19:08:00] [Server thread/INFO]: Preparing spawn area: 0%
[19:08:00] [Server thread/INFO]: Preparing spawn area: 0%
[19:08:00] [Server thread/INFO]: Preparing spawn area: 0%
[19:08:01] [Server thread/INFO]: Preparing spawn area: 83%
[19:08:05] [Worker-Main-9/INFO]: Preparing spawn area: 83%
[19:08:05] [Worker-Main-11/INFO]: Preparing spawn area: 83%
[19:08:05] [Worker-Main-9/INFO]: Preparing spawn area: 83%
[19:08:05] [Worker-Main-9/INFO]: Preparing spawn area: 83%
[19:08:05] [Server thread/INFO]: Preparing spawn area: 83%
[19:08:05] [Worker-Main-8/INFO]: Preparing spawn area: 83%
[19:08:05] [Server thread/INFO]: Preparing spawn area: 83%
[19:08:05] [Worker-Main-10/INFO]: Preparing spawn area: 95%
[19:08:05] [Worker-Main-12/INFO]: Preparing spawn area: 95%
[19:08:06] [Worker-Main-12/INFO]: Preparing spawn area: 95%
[19:08:06] [Worker-Main-13/INFO]: Preparing spawn area: 96%
[19:08:07] [Server thread/INFO]: Time elapsed: 7358 ms
[19:08:07] [Server thread/INFO]: Done (7.427s)! For help, type "help"
